2026-01-31 16:14:18 [main] INFO  com.example.demo.DemoApplication - Starting DemoApplication using Java 21.0.9 with PID 32304 (D:\IIdea\graphql-postgres-demo\target\classes started by Администратор in D:\IIdea\graphql-postgres-demo)
2026-01-31 16:14:18 [main] DEBUG com.example.demo.DemoApplication - Running with Spring Boot v3.2.0, Spring v6.1.1
2026-01-31 16:14:18 [main] INFO  com.example.demo.DemoApplication - No active profile set, falling back to 1 default profile: "default"
2026-01-31 16:14:20 [main] INFO  o.s.d.r.c.RepositoryConfigurationDelegate - Bootstrapping Spring Data JPA repositories in DEFAULT mode.
2026-01-31 16:14:20 [main] INFO  o.s.d.r.c.RepositoryConfigurationDelegate - Finished Spring Data repository scanning in 207 ms. Found 1 JPA repository interface.
2026-01-31 16:14:22 [main] INFO  o.s.b.w.e.tomcat.TomcatWebServer - Tomcat initialized with port 8080 (http)
2026-01-31 16:14:22 [main] INFO  o.a.catalina.core.StandardService - Starting service [Tomcat]
2026-01-31 16:14:22 [main] INFO  o.a.catalina.core.StandardEngine - Starting Servlet engine: [Apache Tomcat/10.1.16]
2026-01-31 16:14:22 [main] INFO  o.a.c.c.C.[Tomcat].[localhost].[/] - Initializing Spring embedded WebApplicationContext
2026-01-31 16:14:22 [main] INFO  o.s.b.w.s.c.ServletWebServerApplicationContext - Root WebApplicationContext: initialization completed in 3874 ms
2026-01-31 16:14:22 [main] INFO  o.h.jpa.internal.util.LogHelper - HHH000204: Processing PersistenceUnitInfo [name: default]
2026-01-31 16:14:22 [main] INFO  org.hibernate.Version - HHH000412: Hibernate ORM core version 6.3.1.Final
2026-01-31 16:14:23 [main] INFO  o.h.c.i.RegionFactoryInitiator - HHH000026: Second-level cache disabled
2026-01-31 16:14:23 [main] INFO  o.s.o.j.p.SpringPersistenceUnitInfo - No LoadTimeWeaver setup: ignoring JPA class transformer
2026-01-31 16:14:23 [main] INFO  com.zaxxer.hikari.HikariDataSource - HikariCP-BookDB - Starting...
2026-01-31 16:14:23 [main] INFO  com.zaxxer.hikari.pool.HikariPool - HikariCP-BookDB - Added connection org.postgresql.jdbc.PgConnection@1071ae7c
2026-01-31 16:14:23 [main] INFO  com.zaxxer.hikari.HikariDataSource - HikariCP-BookDB - Start completed.
2026-01-31 16:14:23 [main] WARN  org.hibernate.orm.deprecation - HHH90000025: PostgreSQLDialect does not need to be specified explicitly using 'hibernate.dialect' (remove the property setting and it will be selected by default)
2026-01-31 16:14:25 [main] INFO  o.h.e.t.j.p.i.JtaPlatformInitiator - HHH000489: No JTA platform available (set 'hibernate.transaction.jta.platform' to enable JTA platform integration)
2026-01-31 16:14:25 [main] INFO  o.s.o.j.LocalContainerEntityManagerFactoryBean - Initialized JPA EntityManagerFactory for persistence unit 'default'
2026-01-31 16:14:25 [main] INFO  o.s.d.j.r.query.QueryEnhancerFactory - Hibernate is in classpath; If applicable, HQL parser will be used.
2026-01-31 16:14:27 [main] DEBUG o.s.g.d.m.a.s.AnnotatedControllerExceptionResolver - @GraphQlException methods in ControllerAdvice beans: none
2026-01-31 16:14:27 [main] INFO  o.s.g.e.DefaultSchemaResourceGraphQlSourceBuilder - Loaded 1 resource(s) in the GraphQL schema.
2026-01-31 16:14:27 [main] DEBUG o.s.g.e.DefaultSchemaResourceGraphQlSourceBuilder - Loaded GraphQL schema resources: (file [D:\IIdea\graphql-postgres-demo\target\classes\graphql\schema.graphqls])
2026-01-31 16:14:28 [main] INFO  o.s.b.a.g.GraphQlAutoConfiguration - GraphQL schema inspection:
	Unmapped fields: {}
	Unmapped registrations: {}
	Skipped types: []
2026-01-31 16:14:28 [main] INFO  o.s.b.a.g.s.GraphQlWebMvcAutoConfiguration - GraphQL endpoint HTTP POST /graphql
2026-01-31 16:14:29 [main] INFO  o.s.b.a.e.web.EndpointLinksResolver - Exposing 1 endpoint(s) beneath base path '/actuator'
2026-01-31 16:14:29 [main] INFO  o.s.b.w.e.tomcat.TomcatWebServer - Tomcat started on port 8080 (http) with context path ''
2026-01-31 16:14:29 [main] INFO  com.example.demo.DemoApplication - Started DemoApplication in 12.523 seconds (process running for 14.168)
2026-01-31 16:14:38 [http-nio-8080-exec-1] INFO  o.a.c.c.C.[Tomcat].[localhost].[/] - Initializing Spring DispatcherServlet 'dispatcherServlet'
2026-01-31 16:14:38 [http-nio-8080-exec-1] INFO  o.s.web.servlet.DispatcherServlet - Initializing Servlet 'dispatcherServlet'
2026-01-31 16:14:38 [http-nio-8080-exec-1] INFO  o.s.web.servlet.DispatcherServlet - Completed initialization in 3 ms
